\BOOKMARK [0][-]{chapter.1}{\376\377\000A\000b\000o\000u\000t\000\040\000t\000h\000i\000s\000\040\000d\000o\000c\000u\000m\000e\000n\000t}{}% 1
\BOOKMARK [1][-]{section*.2}{\376\377\000R\000e\000p\000r\000o\000d\000u\000c\000i\000n\000g\000\040\000t\000h\000e\000\040\000a\000n\000a\000l\000y\000s\000i\000s}{chapter.1}% 2
\BOOKMARK [1][-]{section*.3}{\376\377\000R\000\040\000p\000a\000c\000k\000a\000g\000e\000s\000\040\000r\000e\000q\000u\000i\000r\000e\000d}{chapter.1}% 3
\BOOKMARK [0][-]{chapter.2}{\376\377\000I\000n\000t\000r\000o\000d\000u\000c\000t\000i\000o\000n}{}% 4
\BOOKMARK [1][-]{section*.4}{\376\377\000O\000u\000t\000l\000i\000n\000e\000\040\000o\000f\000\040\000t\000h\000e\000\040\000m\000a\000t\000e\000r\000i\000a\000l}{chapter.2}% 5
\BOOKMARK [0][-]{chapter.3}{\376\377\000T\000h\000e\000\040\000n\000a\000t\000u\000r\000e\000\040\000o\000f\000\040\000s\000e\000q\000u\000e\000n\000c\000i\000n\000g\000\040\000d\000a\000t\000a}{}% 6
\BOOKMARK [1][-]{section*.5}{\376\377\000A\000\040\000c\000o\000n\000s\000t\000r\000a\000i\000n\000e\000d\000\040\000r\000a\000n\000d\000o\000m\000\040\000s\000a\000m\000p\000l\000e}{chapter.3}% 7
\BOOKMARK [1][-]{section*.6}{\376\377\000C\000o\000n\000s\000t\000r\000a\000i\000n\000e\000d\000\040\000a\000n\000d\000\040\000u\000n\000-\000c\000o\000n\000s\000t\000r\000a\000i\000n\000e\000d\000\040\000e\000n\000v\000i\000r\000o\000n\000m\000e\000n\000t\000s\000.}{chapter.3}% 8
\BOOKMARK [1][-]{section*.7}{\376\377\000M\000o\000d\000e\000l\000i\000n\000g\000\040\000c\000o\000n\000s\000t\000r\000a\000i\000n\000e\000d\000\040\000a\000n\000d\000\040\000u\000n\000-\000c\000o\000n\000s\000t\000r\000a\000i\000n\000e\000d\000\040\000s\000a\000m\000p\000l\000e\000s}{chapter.3}% 9
\BOOKMARK [2][-]{section*.8}{\376\377\000I\000n\000s\000t\000r\000u\000m\000e\000n\000t\000\040\000c\000a\000p\000a\000c\000i\000t\000y}{section*.7}% 10
\BOOKMARK [2][-]{section*.9}{\376\377\000E\000x\000a\000m\000p\000l\000e\000\040\000c\000a\000l\000c\000u\000l\000a\000t\000i\000o\000n\000\040\000o\000f\000\040\000f\000r\000a\000g\000m\000e\000n\000t\000\040\000n\000u\000m\000b\000e\000r}{section*.7}% 11
\BOOKMARK [1][-]{section*.10}{\376\377\000S\000e\000q\000u\000e\000n\000c\000i\000n\000g\000\040\000p\000o\000s\000t\000\040\000p\000r\000o\000c\000e\000s\000s\000i\000n\000g}{chapter.3}% 12
\BOOKMARK [2][-]{section*.11}{\376\377\000M\000a\000p\000p\000i\000n\000g}{section*.10}% 13
\BOOKMARK [2][-]{section*.12}{\376\377\000O\000T\000U\000\040\000g\000e\000n\000e\000r\000a\000t\000i\000o\000n}{section*.10}% 14
\BOOKMARK [0][-]{chapter.4}{\376\377\000R\000a\000n\000d\000o\000m\000\040\000s\000a\000m\000p\000l\000i\000n\000g\000\040\000b\000y\000\040\000s\000e\000q\000u\000e\000n\000c\000i\000n\000g}{}% 15
\BOOKMARK [1][-]{section*.13}{\376\377\000F\000o\000r\000m\000a\000l\000\040\000d\000e\000s\000c\000r\000i\000p\000t\000i\000o\000n}{chapter.4}% 16
\BOOKMARK [2][-]{section*.14}{\376\377\000D\000e\000f\000i\000n\000i\000t\000i\000o\000n\000s\000\040\000a\000n\000d\000\040\000n\000o\000t\000a\000t\000i\000o\000n}{section*.13}% 17
\BOOKMARK [0][-]{chapter.5}{\376\377\000D\000N\000A\000\040\000s\000e\000q\000u\000e\000n\000c\000i\000n\000g\000\040\000d\000a\000t\000a\000\040\000a\000r\000e\000\040\000c\000o\000m\000p\000o\000s\000i\000t\000i\000o\000n\000s}{}% 18
\BOOKMARK [1][-]{section*.15}{\376\377\000H\000i\000g\000h\000\040\000t\000h\000r\000o\000u\000g\000h\000p\000u\000t\000\040\000s\000e\000q\000u\000e\000n\000c\000i\000n\000g\000\040\000g\000e\000n\000e\000r\000a\000t\000e\000s\000\040\000c\000o\000m\000p\000o\000s\000i\000t\000i\000o\000n\000a\000l\000\040\000d\000a\000t\000a}{chapter.5}% 19
\BOOKMARK [1][-]{section*.16}{\376\377\000C\000o\000m\000p\000o\000s\000i\000t\000i\000o\000n\000a\000l\000\040\000d\000a\000t\000a}{chapter.5}% 20
\BOOKMARK [1][-]{section*.17}{\376\377\000C\000o\000D\000a\000\040\000p\000a\000t\000h\000o\000l\000o\000g\000i\000e\000s}{chapter.5}% 21
\BOOKMARK [2][-]{section*.18}{\376\377\000N\000e\000g\000a\000t\000i\000v\000e\000\040\000c\000o\000r\000r\000e\000l\000a\000t\000i\000o\000n\000\040\000b\000i\000a\000s\000\040\000i\000n\000\040\000c\000o\000m\000p\000o\000s\000i\000t\000i\000o\000n\000s}{section*.17}% 22
\BOOKMARK [2][-]{section*.19}{\376\377\000S\000p\000u\000r\000i\000o\000u\000s\000\040\000c\000o\000r\000r\000e\000l\000a\000t\000i\000o\000n\000s\000:}{section*.17}% 23
\BOOKMARK [2][-]{section*.20}{\376\377\000S\000u\000b\000-\000c\000o\000m\000p\000o\000s\000i\000t\000i\000o\000n\000s}{section*.17}% 24
\BOOKMARK [1][-]{section*.21}{\376\377\000S\000o\000\040\000c\000a\000n\000\040\000I\000\040\000a\000n\000a\000l\000y\000z\000e\000\040\000c\000o\000m\000p\000o\000s\000i\000t\000i\000o\000n\000a\000l\000\040\000d\000a\000t\000a\000?\000\040\000H\000o\000w\000?}{chapter.5}% 25
\BOOKMARK [2][-]{section*.22}{\376\377\000B\000a\000s\000i\000c\000\040\000i\000d\000e\000a\000\040\000o\000f\000\040\000C\000o\000D\000a\000\040\000a\000n\000a\000l\000y\000s\000i\000s}{section*.21}% 26
\BOOKMARK [0][-]{chapter.6}{\376\377\000D\000a\000t\000a\000\040\000t\000r\000a\000n\000s\000f\000o\000r\000m\000s\000\040\000i\000n\000\040\000h\000i\000g\000h\000\040\000t\000h\000r\000o\000u\000g\000h\000p\000u\000t\000\040\000s\000e\000q\000u\000e\000n\000c\000i\000n\000g}{}% 27
\BOOKMARK [1][-]{section*.23}{\376\377\000W\000h\000y\000\040\000t\000r\000a\000n\000s\000f\000o\000r\000m\000\040\000d\000a\000t\000a\000?}{chapter.6}% 28
\BOOKMARK [1][-]{section*.24}{\376\377\000S\000e\000q\000u\000e\000n\000c\000i\000n\000g\000\040\000c\000h\000a\000n\000g\000e\000s\000\040\000t\000h\000e\000\040\000s\000h\000a\000p\000e\000\040\000o\000f\000\040\000a\000l\000l\000\040\000b\000u\000t\000\040\000t\000h\000e\000\040\000m\000o\000s\000t\000\040\000i\000d\000e\000a\000l\000\040\000d\000a\000t\000a\000:}{chapter.6}% 29
\BOOKMARK [1][-]{section*.25}{\376\377\000C\000o\000m\000m\000o\000n\000l\000y\000\040\000u\000s\000e\000d\000\040\000t\000r\000a\000n\000s\000f\000o\000r\000m\000a\000t\000i\000o\000n\000s\000\040\000a\000r\000e\000\040\000m\000i\000s\000l\000e\000a\000d\000i\000n\000g}{chapter.6}% 30
\BOOKMARK [1][-]{section*.26}{\376\377\000O\000t\000h\000e\000r\000\040\000d\000a\000t\000a\000\040\000t\000r\000a\000n\000s\000f\000o\000r\000m\000a\000t\000i\000o\000n\000s}{chapter.6}% 31
\BOOKMARK [2][-]{section*.27}{\376\377\000N\000o\000t\000a\000t\000i\000o\000n}{section*.26}% 32
\BOOKMARK [2][-]{section*.28}{\376\377\000T\000h\000e\000\040\000p\000r\000o\000p\000o\000r\000t\000i\000o\000n\000a\000l\000\040\000t\000r\000a\000n\000s\000f\000o\000r\000m\000a\000t\000i\000o\000n}{section*.26}% 33
\BOOKMARK [2][-]{section*.29}{\376\377\000T\000h\000e\000\040\000R\000P\000K\000M\000\040\000a\000n\000d\000\040\000T\000P\000M\000\040\000t\000r\000a\000n\000s\000f\000o\000r\000m\000a\000t\000i\000o\000n\000s}{section*.26}% 34
\BOOKMARK [2][-]{section*.30}{\376\377\000T\000h\000e\000\040\000m\000e\000d\000i\000a\000n\000\040\000o\000f\000\040\000r\000a\000t\000i\000o\000s\000\040\000c\000o\000u\000n\000t\000\040\000n\000o\000r\000m\000a\000l\000i\000z\000a\000t\000i\000o\000n}{section*.26}% 35
\BOOKMARK [1][-]{section*.31}{\376\377\000L\000o\000g\000-\000r\000a\000t\000i\000o\000\040\000t\000r\000a\000n\000s\000f\000o\000r\000m\000a\000t\000i\000o\000n\000s}{chapter.6}% 36
\BOOKMARK [2][-]{section*.32}{\376\377\000T\000h\000e\000\040\000c\000e\000n\000t\000e\000r\000e\000d\000\040\000l\000o\000g\000-\000r\000a\000t\000i\000o\000\040\000t\000r\000a\000n\000s\000f\000o\000r\000m\000a\000t\000i\000o\000n\000.}{section*.31}% 37
\BOOKMARK [1][-]{section*.33}{\376\377\000C\000o\000m\000p\000a\000r\000i\000s\000o\000n\000\040\000o\000f\000\040\000t\000r\000a\000n\000s\000f\000o\000r\000m\000a\000t\000i\000o\000n\000s}{chapter.6}% 38
\BOOKMARK [2][-]{section*.34}{\376\377\000A\000\040\000b\000e\000n\000c\000h\000m\000a\000r\000k\000\040\000r\000a\000n\000d\000o\000m\000\040\000d\000a\000t\000a\000s\000e\000t}{section*.33}% 39
\BOOKMARK [1][-]{section*.35}{\376\377\000T\000h\000e\000\040\000C\000L\000R\000\040\000t\000r\000a\000n\000s\000f\000o\000r\000m\000\040\000c\000o\000n\000t\000a\000i\000n\000s\000\040\000r\000e\000l\000a\000t\000i\000v\000e\000\040\000i\000n\000f\000o\000r\000m\000a\000t\000i\000o\000n}{chapter.6}% 40
\BOOKMARK [0][-]{chapter.7}{\376\377\000D\000i\000s\000t\000a\000n\000c\000e\000s\000\040\000i\000n\000\040\000h\000i\000g\000h\000\040\000t\000h\000r\000o\000u\000g\000h\000p\000u\000t\000\040\000s\000e\000q\000u\000e\000n\000c\000i\000n\000g}{}% 41
\BOOKMARK [1][-]{section*.36}{\376\377\000D\000i\000s\000t\000a\000n\000c\000e\000\040\000o\000r\000\040\000d\000i\000s\000s\000i\000m\000i\000l\000a\000r\000i\000t\000y\000\040\000m\000e\000t\000r\000i\000c\000s}{chapter.7}% 42
\BOOKMARK [2][-]{section*.37}{\376\377\000D\000i\000s\000t\000a\000n\000c\000e\000s\000\040\000i\000n\000\040\000c\000o\000u\000n\000t\000s\000\040\000a\000n\000d\000\040\000p\000r\000o\000p\000o\000r\000t\000i\000o\000n\000\175}{section*.36}% 43
\BOOKMARK [1][-]{section*.38}{\376\377\000G\000r\000a\000p\000h\000i\000c\000a\000l\000\040\000d\000e\000m\000o\000n\000s\000t\000r\000a\000t\000i\000o\000n\000\040\000o\000f\000\040\000d\000i\000s\000t\000a\000n\000c\000e\000\040\000p\000a\000t\000h\000o\000l\000o\000g\000i\000e\000s}{chapter.7}% 44
\BOOKMARK [2][-]{section*.39}{\376\377\000B\000r\000a\000y\000-\000C\000u\000r\000t\000i\000s\000\040\000D\000i\000s\000s\000i\000m\000i\000l\000a\000r\000i\000t\000y}{section*.38}% 45
\BOOKMARK [2][-]{section*.40}{\376\377\000E\000u\000c\000l\000i\000d\000i\000a\000n\000\040\000D\000i\000s\000t\000a\000n\000c\000e\000\040\000o\000f\000\040\000T\000S\000S\000\040\000s\000c\000a\000l\000i\000n\000g\000\040\000t\000r\000a\000n\000s\000f\000o\000r\000m\000a\000t\000i\000o\000n}{section*.38}% 46
\BOOKMARK [2][-]{section*.41}{\376\377\000E\000u\000c\000l\000i\000d\000i\000a\000n\000\040\000D\000i\000s\000t\000a\000n\000c\000e\000\040\000o\000f\000\040\000D\000M\000\040\000t\000r\000a\000n\000s\000f\000o\000r\000m\000a\000t\000i\000o\000n}{section*.38}% 47
\BOOKMARK [0][-]{chapter.8}{\376\377\000E\000x\000p\000l\000o\000r\000i\000n\000g\000\040\000c\000o\000m\000p\000o\000s\000i\000t\000i\000o\000n\000a\000l\000\040\000d\000a\000t\000a\000:\000\040\000t\000h\000e\000\040\000c\000o\000m\000p\000o\000s\000i\000t\000i\000o\000n\000a\000l\000\040\000b\000i\000p\000l\000o\000t}{}% 48
\BOOKMARK [0][-]{chapter.9}{\376\377\000A\000n\000a\000l\000y\000z\000i\000n\000g\000\040\0001\0006\000S\000\040\000r\000R\000N\000A\000\040\000g\000e\000n\000e\000\040\000s\000e\000q\000u\000e\000n\000c\000i\000n\000g\000\040\000e\000x\000p\000e\000r\000i\000m\000e\000n\000t\000s}{}% 49
\BOOKMARK [0][-]{chapter.10}{\376\377\000H\000M\000P\000\040\000o\000r\000a\000l\000\040\000m\000i\000c\000r\000o\000b\000i\000o\000t\000a\000\040\000e\000x\000p\000l\000o\000r\000a\000t\000i\000o\000n}{}% 50
\BOOKMARK [0][-]{chapter.11}{\376\377\000R\000e\000f\000e\000r\000e\000n\000c\000e\000s}{}% 51
